# JRE version: OpenJDK Runtime Environment Temurin-17+35 (17.0+35) (build 17+35)
# Java VM: OpenJDK 64-Bit Server VM Temurin-17+35 (17+35, mixed mode, tiered, compressed oops, compressed class ptrs, serial gc, linux-amd64)
GC Precious Log:
 CPUs: 40 total, 1 available
 Memory: 251G
 Large Page Support: Disabled
 NUMA Support: Disabled
 Compressed Oops: Enabled (32-bit)
 Heap Min Capacity: 256M
 Heap Initial Capacity: 256M
 Heap Max Capacity: 2G
 Pre-touch: Disabled
Heap:
 def new generation   total 102784K, used 63239K [0x0000000080000000, 0x0000000086f80000, 0x00000000aaaa0000)
  eden space 91392K,  61% used [0x0000000080000000, 0x0000000083713a50, 0x0000000085940000)
  from space 11392K,  60% used [0x0000000085940000, 0x0000000085fee1d0, 0x0000000086460000)
  to   space 11392K,   0% used [0x0000000086460000, 0x0000000086460000, 0x0000000086f80000)
 tenured generation   total 228208K, used 173507K [0x00000000aaaa0000, 0x00000000b897c000, 0x0000000100000000)
   the space 228208K,  76% used [0x00000000aaaa0000, 0x00000000b5410db0, 0x00000000b5410e00, 0x00000000b897c000)
 Metaspace       used 103161K, committed 103872K, reserved 1146880K
  class space    used 13283K, committed 13632K, reserved 1048576K
GC Heap History (20 events):
Event: 11.911 GC heap before
{Heap before GC invocations=22 (full 4):
 def new generation   total 102784K, used 91392K [0x0000000080000000, 0x0000000086f80000, 0x00000000aaaa0000)
  eden space 91392K, 100% used [0x0000000080000000, 0x0000000085940000, 0x0000000085940000)
  from space 11392K,   0% used [0x0000000085940000, 0x0000000085940000, 0x0000000086460000)
  to   space 11392K,   0% used [0x0000000086460000, 0x0000000086460000, 0x0000000086f80000)
 tenured generation   total 228208K, used 136923K [0x00000000aaaa0000, 0x00000000b897c000, 0x0000000100000000)
   the space 228208K,  59% used [0x00000000aaaa0000, 0x00000000b3056fb8, 0x00000000b3057000, 0x00000000b897c000)
 Metaspace       used 71738K, committed 72128K, reserved 1114112K
  class space    used 8427K, committed 8640K, reserved 1048576K
}
Event: 11.958 GC heap after
{Heap after GC invocations=23 (full 4):
 def new generation   total 102784K, used 11371K [0x0000000080000000, 0x0000000086f80000, 0x00000000aaaa0000)
  eden space 91392K,   0% used [0x0000000080000000, 0x0000000080000000, 0x0000000085940000)
  from space 11392K,  99% used [0x0000000086460000, 0x0000000086f7ae30, 0x0000000086f80000)
  to   space 11392K,   0% used [0x0000000085940000, 0x0000000085940000, 0x0000000086460000)
 tenured generation   total 228208K, used 136923K [0x00000000aaaa0000, 0x00000000b897c000, 0x0000000100000000)
   the space 228208K,  59% used [0x00000000aaaa0000, 0x00000000b3056fb8, 0x00000000b3057000, 0x00000000b897c000)
 Metaspace       used 71738K, committed 72128K, reserved 1114112K
  class space    used 8427K, committed 8640K, reserved 1048576K
}
Event: 13.752 GC heap before
{Heap before GC invocations=23 (full 4):
 def new generation   total 102784K, used 102763K [0x0000000080000000, 0x0000000086f80000, 0x00000000aaaa0000)
  eden space 91392K,  99% used [0x0000000080000000, 0x000000008593fff8, 0x0000000085940000)
  from space 11392K,  99% used [0x0000000086460000, 0x0000000086f7ae30, 0x0000000086f80000)
  to   space 11392K,   0% used [0x0000000085940000, 0x0000000085940000, 0x0000000086460000)
 tenured generation   total 228208K, used 136923K [0x00000000aaaa0000, 0x00000000b897c000, 0x0000000100000000)
   the space 228208K,  59% used [0x00000000aaaa0000, 0x00000000b3056fb8, 0x00000000b3057000, 0x00000000b897c000)
 Metaspace       used 83193K, committed 83648K, reserved 1130496K
  class space    used 10454K, committed 10688K, reserved 1048576K
}
Event: 13.817 GC heap after
{Heap after GC invocations=24 (full 4):
 def new generation   total 102784K, used 7930K [0x0000000080000000, 0x0000000086f80000, 0x00000000aaaa0000)
  eden space 91392K,   0% used [0x0000000080000000, 0x0000000080000000, 0x0000000085940000)
  from space 11392K,  69% used [0x0000000085940000, 0x00000000860fea40, 0x0000000086460000)
  to   space 11392K,   0% used [0x0000000086460000, 0x0000000086460000, 0x0000000086f80000)
 tenured generation   total 228208K, used 146843K [0x00000000aaaa0000, 0x00000000b897c000, 0x0000000100000000)
   the space 228208K,  64% used [0x00000000aaaa0000, 0x00000000b3a06ca8, 0x00000000b3a06e00, 0x00000000b897c000)
 Metaspace       used 83193K, committed 83648K, reserved 1130496K
  class space    used 10454K, committed 10688K, reserved 1048576K
}
Event: 15.414 GC heap before
{Heap before GC invocations=24 (full 4):
 def new generation   total 102784K, used 99322K [0x0000000080000000, 0x0000000086f80000, 0x00000000aaaa0000)
  eden space 91392K, 100% used [0x0000000080000000, 0x0000000085940000, 0x0000000085940000)
  from space 11392K,  69% used [0x0000000085940000, 0x00000000860fea40, 0x0000000086460000)
  to   space 11392K,   0% used [0x0000000086460000, 0x0000000086460000, 0x0000000086f80000)
 tenured generation   total 228208K, used 146843K [0x00000000aaaa0000, 0x00000000b897c000, 0x0000000100000000)
   the space 228208K,  64% used [0x00000000aaaa0000, 0x00000000b3a06ca8, 0x00000000b3a06e00, 0x00000000b897c000)
 Metaspace       used 90443K, committed 90880K, reserved 1130496K
  class space    used 11670K, committed 11904K, reserved 1048576K
}
Event: 15.452 GC heap after
{Heap after GC invocations=25 (full 4):
 def new generation   total 102784K, used 7093K [0x0000000080000000, 0x0000000086f80000, 0x00000000aaaa0000)
  eden space 91392K,   0% used [0x0000000080000000, 0x0000000080000000, 0x0000000085940000)
  from space 11392K,  62% used [0x0000000086460000, 0x0000000086b4d410, 0x0000000086f80000)
  to   space 11392K,   0% used [0x0000000085940000, 0x0000000085940000, 0x0000000086460000)
 tenured generation   total 228208K, used 154561K [0x00000000aaaa0000, 0x00000000b897c000, 0x0000000100000000)
   the space 228208K,  67% used [0x00000000aaaa0000, 0x00000000b4190660, 0x00000000b4190800, 0x00000000b897c000)
 Metaspace       used 90443K, committed 90880K, reserved 1130496K
  class space    used 11670K, committed 11904K, reserved 1048576K
}
Event: 17.581 GC heap before
{Heap before GC invocations=25 (full 4):
 def new generation   total 102784K, used 98485K [0x0000000080000000, 0x0000000086f80000, 0x00000000aaaa0000)
  eden space 91392K, 100% used [0x0000000080000000, 0x0000000085940000, 0x0000000085940000)
  from space 11392K,  62% used [0x0000000086460000, 0x0000000086b4d410, 0x0000000086f80000)
  to   space 11392K,   0% used [0x0000000085940000, 0x0000000085940000, 0x0000000086460000)
 tenured generation   total 228208K, used 154561K [0x00000000aaaa0000, 0x00000000b897c000, 0x0000000100000000)
   the space 228208K,  67% used [0x00000000aaaa0000, 0x00000000b4190660, 0x00000000b4190800, 0x00000000b897c000)
 Metaspace       used 92991K, committed 93440K, reserved 1130496K
  class space    used 11964K, committed 12160K, reserved 1048576K
}
Event: 17.610 GC heap after
{Heap after GC invocations=26 (full 4):
 def new generation   total 102784K, used 6111K [0x0000000080000000, 0x0000000086f80000, 0x00000000aaaa0000)
  eden space 91392K,   0% used [0x0000000080000000, 0x0000000080000000, 0x0000000085940000)
  from space 11392K,  53% used [0x0000000085940000, 0x0000000085f37d10, 0x0000000086460000)
  to   space 11392K,   0% used [0x0000000086460000, 0x0000000086460000, 0x0000000086f80000)
 tenured generation   total 228208K, used 161186K [0x00000000aaaa0000, 0x00000000b897c000, 0x0000000100000000)
   the space 228208K,  70% used [0x00000000aaaa0000, 0x00000000b4808978, 0x00000000b4808a00, 0x00000000b897c000)
 Metaspace       used 92991K, committed 93440K, reserved 1130496K
  class space    used 11964K, committed 12160K, reserved 1048576K
}
Event: 41.315 GC heap before
{Heap before GC invocations=26 (full 4):
 def new generation   total 102784K, used 97503K [0x0000000080000000, 0x0000000086f80000, 0x00000000aaaa0000)
  eden space 91392K, 100% used [0x0000000080000000, 0x0000000085940000, 0x0000000085940000)
  from space 11392K,  53% used [0x0000000085940000, 0x0000000085f37d10, 0x0000000086460000)
  to   space 11392K,   0% used [0x0000000086460000, 0x0000000086460000, 0x0000000086f80000)
 tenured generation   total 228208K, used 161186K [0x00000000aaaa0000, 0x00000000b897c000, 0x0000000100000000)
   the space 228208K,  70% used [0x00000000aaaa0000, 0x00000000b4808978, 0x00000000b4808a00, 0x00000000b897c000)
 Metaspace       used 95571K, committed 96256K, reserved 1138688K
  class space    used 12209K, committed 12544K, reserved 1048576K
}
Event: 41.354 GC heap after
{Heap after GC invocations=27 (full 4):
 def new generation   total 102784K, used 8598K [0x0000000080000000, 0x0000000086f80000, 0x00000000aaaa0000)
  eden space 91392K,   0% used [0x0000000080000000, 0x0000000080000000, 0x0000000085940000)
  from space 11392K,  75% used [0x0000000086460000, 0x0000000086cc5b48, 0x0000000086f80000)
  to   space 11392K,   0% used [0x0000000085940000, 0x0000000085940000, 0x0000000086460000)
 tenured generation   total 228208K, used 165764K [0x00000000aaaa0000, 0x00000000b897c000, 0x0000000100000000)
   the space 228208K,  72% used [0x00000000aaaa0000, 0x00000000b4c81108, 0x00000000b4c81200, 0x00000000b897c000)
 Metaspace       used 95571K, committed 96256K, reserved 1138688K
  class space    used 12209K, committed 12544K, reserved 1048576K
}
Event: 42.305 GC heap before
{Heap before GC invocations=27 (full 4):
 def new generation   total 102784K, used 99990K [0x0000000080000000, 0x0000000086f80000, 0x00000000aaaa0000)
  eden space 91392K, 100% used [0x0000000080000000, 0x0000000085940000, 0x0000000085940000)
  from space 11392K,  75% used [0x0000000086460000, 0x0000000086cc5b48, 0x0000000086f80000)
  to   space 11392K,   0% used [0x0000000085940000, 0x0000000085940000, 0x0000000086460000)
 tenured generation   total 228208K, used 165764K [0x00000000aaaa0000, 0x00000000b897c000, 0x0000000100000000)
   the space 228208K,  72% used [0x00000000aaaa0000, 0x00000000b4c81108, 0x00000000b4c81200, 0x00000000b897c000)
 Metaspace       used 95746K, committed 96384K, reserved 1138688K
  class space    used 12216K, committed 12544K, reserved 1048576K
}
Event: 42.320 GC heap after
{Heap after GC invocations=28 (full 4):
 def new generation   total 102784K, used 3176K [0x0000000080000000, 0x0000000086f80000, 0x00000000aaaa0000)
  eden space 91392K,   0% used [0x0000000080000000, 0x0000000080000000, 0x0000000085940000)
  from space 11392K,  27% used [0x0000000085940000, 0x0000000085c5a2f8, 0x0000000086460000)
  to   space 11392K,   0% used [0x0000000086460000, 0x0000000086460000, 0x0000000086f80000)
 tenured generation   total 228208K, used 173507K [0x00000000aaaa0000, 0x00000000b897c000, 0x0000000100000000)
   the space 228208K,  76% used [0x00000000aaaa0000, 0x00000000b5410db0, 0x00000000b5410e00, 0x00000000b897c000)
 Metaspace       used 95746K, committed 96384K, reserved 1138688K
  class space    used 12216K, committed 12544K, reserved 1048576K
}
Event: 49.151 GC heap before
{Heap before GC invocations=28 (full 4):
 def new generation   total 102784K, used 94568K [0x0000000080000000, 0x0000000086f80000, 0x00000000aaaa0000)
  eden space 91392K, 100% used [0x0000000080000000, 0x0000000085940000, 0x0000000085940000)
  from space 11392K,  27% used [0x0000000085940000, 0x0000000085c5a2f8, 0x0000000086460000)
  to   space 11392K,   0% used [0x0000000086460000, 0x0000000086460000, 0x0000000086f80000)
 tenured generation   total 228208K, used 173507K [0x00000000aaaa0000, 0x00000000b897c000, 0x0000000100000000)
   the space 228208K,  76% used [0x00000000aaaa0000, 0x00000000b5410db0, 0x00000000b5410e00, 0x00000000b897c000)
 Metaspace       used 96047K, committed 96704K, reserved 1138688K
  class space    used 12219K, committed 12544K, reserved 1048576K
}
Event: 49.159 GC heap after
{Heap after GC invocations=29 (full 4):
 def new generation   total 102784K, used 3270K [0x0000000080000000, 0x0000000086f80000, 0x00000000aaaa0000)
  eden space 91392K,   0% used [0x0000000080000000, 0x0000000080000000, 0x0000000085940000)
  from space 11392K,  28% used [0x0000000086460000, 0x0000000086791b50, 0x0000000086f80000)
  to   space 11392K,   0% used [0x0000000085940000, 0x0000000085940000, 0x0000000086460000)
 tenured generation   total 228208K, used 173507K [0x00000000aaaa0000, 0x00000000b897c000, 0x0000000100000000)
   the space 228208K,  76% used [0x00000000aaaa0000, 0x00000000b5410db0, 0x00000000b5410e00, 0x00000000b897c000)
 Metaspace       used 96047K, committed 96704K, reserved 1138688K
  class space    used 12219K, committed 12544K, reserved 1048576K
}
Event: 49.977 GC heap before
{Heap before GC invocations=29 (full 4):
 def new generation   total 102784K, used 94662K [0x0000000080000000, 0x0000000086f80000, 0x00000000aaaa0000)
  eden space 91392K, 100% used [0x0000000080000000, 0x0000000085940000, 0x0000000085940000)
  from space 11392K,  28% used [0x0000000086460000, 0x0000000086791b50, 0x0000000086f80000)
  to   space 11392K,   0% used [0x0000000085940000, 0x0000000085940000, 0x0000000086460000)
 tenured generation   total 228208K, used 173507K [0x00000000aaaa0000, 0x00000000b897c000, 0x0000000100000000)
   the space 228208K,  76% used [0x00000000aaaa0000, 0x00000000b5410db0, 0x00000000b5410e00, 0x00000000b897c000)
 Metaspace       used 96154K, committed 96768K, reserved 1138688K
  class space    used 12220K, committed 12544K, reserved 1048576K
}
Event: 49.986 GC heap after
{Heap after GC invocations=30 (full 4):
 def new generation   total 102784K, used 3960K [0x0000000080000000, 0x0000000086f80000, 0x00000000aaaa0000)
  eden space 91392K,   0% used [0x0000000080000000, 0x0000000080000000, 0x0000000085940000)
  from space 11392K,  34% used [0x0000000085940000, 0x0000000085d1e2a0, 0x0000000086460000)
  to   space 11392K,   0% used [0x0000000086460000, 0x0000000086460000, 0x0000000086f80000)
 tenured generation   total 228208K, used 173507K [0x00000000aaaa0000, 0x00000000b897c000, 0x0000000100000000)
   the space 228208K,  76% used [0x00000000aaaa0000, 0x00000000b5410db0, 0x00000000b5410e00, 0x00000000b897c000)
 Metaspace       used 96154K, committed 96768K, reserved 1138688K
  class space    used 12220K, committed 12544K, reserved 1048576K
}
Event: 63.897 GC heap before
{Heap before GC invocations=30 (full 4):
 def new generation   total 102784K, used 95352K [0x0000000080000000, 0x0000000086f80000, 0x00000000aaaa0000)
  eden space 91392K, 100% used [0x0000000080000000, 0x0000000085940000, 0x0000000085940000)
  from space 11392K,  34% used [0x0000000085940000, 0x0000000085d1e2a0, 0x0000000086460000)
  to   space 11392K,   0% used [0x0000000086460000, 0x0000000086460000, 0x0000000086f80000)
 tenured generation   total 228208K, used 173507K [0x00000000aaaa0000, 0x00000000b897c000, 0x0000000100000000)
   the space 228208K,  76% used [0x00000000aaaa0000, 0x00000000b5410db0, 0x00000000b5410e00, 0x00000000b897c000)
 Metaspace       used 96395K, committed 97024K, reserved 1138688K
  class space    used 12226K, committed 12544K, reserved 1048576K
}
Event: 63.909 GC heap after
{Heap after GC invocations=31 (full 4):
 def new generation   total 102784K, used 3810K [0x0000000080000000, 0x0000000086f80000, 0x00000000aaaa0000)
  eden space 91392K,   0% used [0x0000000080000000, 0x0000000080000000, 0x0000000085940000)
  from space 11392K,  33% used [0x0000000086460000, 0x0000000086818a40, 0x0000000086f80000)
  to   space 11392K,   0% used [0x0000000085940000, 0x0000000085940000, 0x0000000086460000)
 tenured generation   total 228208K, used 173507K [0x00000000aaaa0000, 0x00000000b897c000, 0x0000000100000000)
   the space 228208K,  76% used [0x00000000aaaa0000, 0x00000000b5410db0, 0x00000000b5410e00, 0x00000000b897c000)
 Metaspace       used 96395K, committed 97024K, reserved 1138688K
  class space    used 12226K, committed 12544K, reserved 1048576K
}
Event: 70.624 GC heap before
{Heap before GC invocations=31 (full 4):
 def new generation   total 102784K, used 95204K [0x0000000080000000, 0x0000000086f80000, 0x00000000aaaa0000)
  eden space 91392K, 100% used [0x0000000080000000, 0x0000000085940000, 0x0000000085940000)
  from space 11392K,  33% used [0x0000000086460000, 0x0000000086819250, 0x0000000086f80000)
  to   space 11392K,   0% used [0x0000000085940000, 0x0000000085940000, 0x0000000086460000)
 tenured generation   total 228208K, used 173507K [0x00000000aaaa0000, 0x00000000b897c000, 0x0000000100000000)
   the space 228208K,  76% used [0x00000000aaaa0000, 0x00000000b5410db0, 0x00000000b5410e00, 0x00000000b897c000)
 Metaspace       used 102506K, committed 103232K, reserved 1138688K
  class space    used 13212K, committed 13568K, reserved 1048576K
}
Event: 70.661 GC heap after
{Heap after GC invocations=32 (full 4):
 def new generation   total 102784K, used 6840K [0x0000000080000000, 0x0000000086f80000, 0x00000000aaaa0000)
  eden space 91392K,   0% used [0x0000000080000000, 0x0000000080000000, 0x0000000085940000)
  from space 11392K,  60% used [0x0000000085940000, 0x0000000085fee1d0, 0x0000000086460000)
  to   space 11392K,   0% used [0x0000000086460000, 0x0000000086460000, 0x0000000086f80000)
 tenured generation   total 228208K, used 173507K [0x00000000aaaa0000, 0x00000000b897c000, 0x0000000100000000)
   the space 228208K,  76% used [0x00000000aaaa0000, 0x00000000b5410db0, 0x00000000b5410e00, 0x00000000b897c000)
 Metaspace       used 102506K, committed 103232K, reserved 1138688K
  class space    used 13212K, committed 13568K, reserved 1048576K
}

